Arguments: 
  C:\Program Files\nodejs\node.exe C:\Users\brenno\AppData\Roaming\npm\node_modules\yarn\bin\yarn.js add @react-navigation/native

PATH: 
  C:\Python311\Scripts\;C:\Python311\;C:\Windows\system32;C:\Windows;C:\Windows\System32\Wbem;C:\Windows\System32\WindowsPowerShell\v1.0\;C:\Windows\System32\OpenSSH\;C:\ProgramData\chocolatey\bin;C:\Program Files\Git\cmd;C:\Program Files\nodejs\;C:\Users\brenno\AppData\Local\Microsoft\WindowsApps;C:\Users\brenno\AppData\Local\Programs\Microsoft VS Code\bin;C:\Users\brenno\AppData\Roaming\npm

Yarn version: 
  1.22.19

Node version: 
  18.15.0

Platform: 
  win32 x64

Trace: 
  Error: connect ETIMEDOUT 2606:4700::6810:223:443
      at TCPConnectWrap.afterConnect [as oncomplete] (node:net:1494:16)

npm manifest: 
  {
    "name": "react-app",
    "version": "1.0.0",
    "main": "node_modules/expo/AppEntry.js",
    "scripts": {
      "start": "expo start",
      "android": "expo start --android",
      "ios": "expo start --ios",
      "web": "expo start --web"
    },
    "dependencies": {
      "expo": "~49.0.11",
      "expo-status-bar": "~1.6.0",
      "react": "18.2.0",
      "react-native": "0.72.4"
    },
    "devDependencies": {
      "@babel/core": "^7.20.0",
      "@types/react": "~18.2.14",
      "@types/react-native": "^0.72.2",
      "typescript": "^5.1.3"
    },
    "private": true
  }

yarn manifest: 
  No manifest

Lockfile: 
  No lockfile
